<?xml version="1.0" encoding="UTF-8"?>
<testsuite xmlns:xsi="http://www.w3.org/2001/XMLSchema-instance" xsi:noNamespaceSchemaLocation="https://maven.apache.org/surefire/maven-surefire-plugin/xsd/surefire-test-report-3.0.xsd" version="3.0" name="com.livajusic.marko.aurora.AuroraApplicationTests" time="8.581" tests="1" errors="0" skipped="0" failures="0">
  <properties>
[...]
</properties>
  <testcase name="contextLoads" classname="com.livajusic.marko.aurora.AuroraApplicationTests" time="0.586">
    <system-out><![CDATA[23:47:56.337 [main] INFO org.springframework.test.context.support.AnnotationConfigContextLoaderUtils -- Could not detect default configuration classes for test class [com.livajusic.marko.aurora.AuroraApplicationTests]: AuroraApplicationTests does not declare any static, non-private, non-final, nested classes annotated with @Configuration.
23:47:56.440 [main] INFO org.springframework.boot.test.context.SpringBootTestContextBootstrapper -- Found @SpringBootConfiguration com.livajusic.marko.aurora.AuroraApplication for test class com.livajusic.marko.aurora.AuroraApplicationTests

  .   ____          _            __ _ _
 /\\ / ___'_ __ _ _(_)_ __  __ _ \ \ \ \
( ( )\___ | '_ | '_| | '_ \/ _` | \ \ \ \
 \\/  ___)| |_)| | | | | || (_| |  ) ) ) )
  '  |____| .__|_| |_|_| |_\__, | / / / /
 =========|_|==============|___/=/_/_/_/
 :: Spring Boot ::                (v3.2.5)

2024-06-22T23:47:56.832+02:00  INFO 7356 --- [aurora] [           main] c.l.marko.aurora.AuroraApplicationTests  : Starting AuroraApplicationTests using Java 19.0.2 with PID 7356 (started by marko in C:\Dev\vaurora)
2024-06-22T23:47:56.833+02:00  INFO 7356 --- [aurora] [           main] c.l.marko.aurora.AuroraApplicationTests  : No active profile set, falling back to 1 default profile: "default"
2024-06-22T23:47:56.872+02:00 DEBUG 7356 --- [aurora] [           main] o.s.w.c.s.GenericWebApplicationContext   : Refreshing org.springframework.web.context.support.GenericWebApplicationContext@b0964b2
2024-06-22T23:47:57.403+02:00  INFO 7356 --- [aurora] [           main] .s.d.r.c.RepositoryConfigurationDelegate : Bootstrapping Spring Data JPA repositories in DEFAULT mode.
2024-06-22T23:47:57.471+02:00  INFO 7356 --- [aurora] [           main] .s.d.r.c.RepositoryConfigurationDelegate : Finished Spring Data repository scanning in 60 ms. Found 11 JPA repository interfaces.
2024-06-22T23:47:58.189+02:00  INFO 7356 --- [aurora] [           main] com.zaxxer.hikari.HikariDataSource       : HikariPool-1 - Starting...
2024-06-22T23:47:59.076+02:00  INFO 7356 --- [aurora] [           main] com.zaxxer.hikari.pool.HikariPool        : HikariPool-1 - Added connection org.postgresql.jdbc.PgConnection@34f7b44f
2024-06-22T23:47:59.077+02:00  INFO 7356 --- [aurora] [           main] com.zaxxer.hikari.HikariDataSource       : HikariPool-1 - Start completed.
2024-06-22T23:47:59.121+02:00  INFO 7356 --- [aurora] [           main] o.hibernate.jpa.internal.util.LogHelper  : HHH000204: Processing PersistenceUnitInfo [name: default]
2024-06-22T23:47:59.176+02:00  INFO 7356 --- [aurora] [           main] org.hibernate.Version                    : HHH000412: Hibernate ORM core version 6.4.4.Final
2024-06-22T23:47:59.205+02:00  INFO 7356 --- [aurora] [           main] o.h.c.internal.RegionFactoryInitiator    : HHH000026: Second-level cache disabled
2024-06-22T23:47:59.412+02:00  INFO 7356 --- [aurora] [           main] o.s.o.j.p.SpringPersistenceUnitInfo      : No LoadTimeWeaver setup: ignoring JPA class transformer
2024-06-22T23:47:59.512+02:00  WARN 7356 --- [aurora] [           main] org.hibernate.orm.deprecation            : HHH90000025: PostgreSQLDialect does not need to be specified explicitly using 'hibernate.dialect' (remove the property setting and it will be selected by default)
2024-06-22T23:48:00.641+02:00  INFO 7356 --- [aurora] [           main] o.h.e.t.j.p.i.JtaPlatformInitiator       : HHH000489: No JTA platform available (set 'hibernate.transaction.jta.platform' to enable JTA platform integration)
2024-06-22T23:48:02.865+02:00  INFO 7356 --- [aurora] [           main] j.LocalContainerEntityManagerFactoryBean : Initialized JPA EntityManagerFactory for persistence unit 'default'
2024-06-22T23:48:03.488+02:00  WARN 7356 --- [aurora] [           main] JpaBaseConfiguration$JpaWebConfiguration : spring.jpa.open-in-view is enabled by default. Therefore, database queries may be performed during view rendering. Explicitly configure spring.jpa.open-in-view to disable this warning
2024-06-22T23:48:03.760+02:00 DEBUG 7356 --- [aurora] [           main] o.s.w.s.handler.SimpleUrlHandlerMapping  : Patterns [/webjars/**, /**] in 'resourceHandlerMapping'
2024-06-22T23:48:03.814+02:00  INFO 7356 --- [aurora] [           main] o.s.s.web.DefaultSecurityFilterChain     : Will secure any request with [org.springframework.security.web.session.DisableEncodeUrlFilter@1cd4082a, org.springframework.security.web.context.request.async.WebAsyncManagerIntegrationFilter@78c34153, org.springframework.security.web.context.SecurityContextHolderFilter@781ecbac, org.springframework.security.web.header.HeaderWriterFilter@74ea1cd0, org.springframework.web.filter.CorsFilter@1b079e81, org.springframework.security.web.csrf.CsrfFilter@35e0d91e, org.springframework.security.web.authentication.logout.LogoutFilter@72f71ea2, org.springframework.security.web.authentication.UsernamePasswordAuthenticationFilter@33da0fad, org.springframework.security.web.savedrequest.RequestCacheAwareFilter@3f89d36c, org.springframework.security.web.servletapi.SecurityContextHolderAwareRequestFilter@520034a, org.springframework.security.web.authentication.AnonymousAuthenticationFilter@1fae388c, org.springframework.security.web.access.ExceptionTranslationFilter@475a8415, org.springframework.security.web.access.intercept.AuthorizationFilter@2fb9695a]
2024-06-22T23:48:04.013+02:00 DEBUG 7356 --- [aurora] [           main] s.w.s.m.m.a.RequestMappingHandlerAdapter : ControllerAdvice beans: 0 @ModelAttribute, 0 @InitBinder, 1 RequestBodyAdvice, 1 ResponseBodyAdvice
2024-06-22T23:48:04.060+02:00 DEBUG 7356 --- [aurora] [           main] .m.m.a.ExceptionHandlerExceptionResolver : ControllerAdvice beans: 0 @ExceptionHandler, 1 ResponseBodyAdvice
2024-06-22T23:48:04.169+02:00  INFO 7356 --- [aurora] [           main] c.l.marko.aurora.AuroraApplicationTests  : Started AuroraApplicationTests in 7.607 seconds (process running for 8.435)
]]></system-out>
  </testcase>
</testsuite>